Arguments: 
  /usr/local/Cellar/node/14.5.0/bin/node /usr/local/bin/yarn init

PATH: 
  /usr/local/sbin:/usr/local/bin:/usr/bin:/bin:/usr/sbin:/sbin:/Applications/VMware Fusion.app/Contents/Public:/usr/local/go/bin

Yarn version: 
  1.22.4

Node version: 
  14.5.0

Platform: 
  darwin x64

Trace: 
  Error: canceled
      at Interface.<anonymous> (/usr/local/lib/node_modules/yarn/lib/cli.js:137008:13)
      at Interface.emit (events.js:314:20)
      at Interface._ttyWrite (readline.js:875:16)
      at ReadStream.onkeypress (readline.js:213:10)
      at ReadStream.emit (events.js:314:20)
      at emitKeys (internal/readline/utils.js:335:14)
      at emitKeys.next (<anonymous>)
      at ReadStream.onData (readline.js:1144:36)
      at ReadStream.emit (events.js:314:20)
      at addChunk (_stream_readable.js:304:12)

npm manifest: 
  {
    "name": "Static.RootDev.nl",
    "description": "Static data (HTML+CSS+JS) so we can always be online.",
    "author": "MP Droog <mark@itshosted.nl>",
    "scripts": {
      "build": "./node_modules/gulp/bin/gulp.js"
    },
    "devDependencies": {
      "gulp": "*",
      "gulp-concat": "*",
      "gulp-htmlmin": "*",
      "gulp-minify-css": "*",
      "gulp-uglify": "*",
      "gulp-uncss": "*",
      "gulp-if": "*"
    },
    "private": true,
    "license": "Closed"
  }

yarn manifest: 
  No manifest

Lockfile: 
  No lockfile
